[debug] [2023-12-03T14:52:31.563Z] ----------------------------------------------------------------------
[debug] [2023-12-03T14:52:31.566Z] Command:       C:\Users\Acer\DOWNLO~1\firebase-tools-instant-win.exe C:\Users\Acer\.cache\firebase\tools\lib\node_modules\firebase-tools\lib\bin\firebase init hosting
[debug] [2023-12-03T14:52:31.566Z] CLI Version:   12.9.1
[debug] [2023-12-03T14:52:31.566Z] Platform:      win32
[debug] [2023-12-03T14:52:31.566Z] Node Version:  v16.16.0
[debug] [2023-12-03T14:52:31.567Z] Time:          Sun Dec 03 2023 20:22:31 GMT+0530 (India Standard Time)
[debug] [2023-12-03T14:52:31.568Z] ----------------------------------------------------------------------
[debug] 
[debug] [2023-12-03T14:52:31.576Z] > command requires scopes: ["email","openid","https://www.googleapis.com/auth/cloudplatformprojects.readonly","https://www.googleapis.com/auth/firebase","https://www.googleapis.com/auth/cloud-platform"]
[debug] [2023-12-03T14:52:31.576Z] > authorizing via signed-in user (kelkaratharva05@gmail.com)
[info] 
     ######## #### ########  ######## ########     ###     ######  ########
     ##        ##  ##     ## ##       ##     ##  ##   ##  ##       ##
     ######    ##  ########  ######   ########  #########  ######  ######
     ##        ##  ##    ##  ##       ##     ## ##     ##       ## ##
     ##       #### ##     ## ######## ########  ##     ##  ######  ########

You're about to initialize a Firebase project in this directory:

  E:\Intern_clone\dashboard

[info] 
=== Project Setup
[info] 
[info] First, let's associate this project directory with a Firebase project.
[info] You can create multiple project aliases by running firebase use --add, 
[info] but for now we'll just set up a default project.
[info] 
[debug] [2023-12-03T14:52:57.742Z] >>> [apiv2][query] GET https://firebase.googleapis.com/v1beta1/projects pageSize=100
[debug] [2023-12-03T14:52:58.614Z] <<< [apiv2][status] GET https://firebase.googleapis.com/v1beta1/projects 200
[debug] [2023-12-03T14:52:58.614Z] <<< [apiv2][body] GET https://firebase.googleapis.com/v1beta1/projects [omitted]
[info] i  Using project admin-dashboard-8da5c (Admin-Dashboard) 
[info] 
=== Hosting Setup
[debug] [2023-12-03T14:53:02.265Z] >>> [apiv2][query] GET https://firebase.googleapis.com/v1beta1/projects/admin-dashboard-8da5c [none]
[debug] [2023-12-03T14:53:03.010Z] <<< [apiv2][status] GET https://firebase.googleapis.com/v1beta1/projects/admin-dashboard-8da5c 200
[debug] [2023-12-03T14:53:03.010Z] <<< [apiv2][body] GET https://firebase.googleapis.com/v1beta1/projects/admin-dashboard-8da5c {"projectId":"admin-dashboard-8da5c","projectNumber":"293225466513","displayName":"Admin-Dashboard","name":"projects/admin-dashboard-8da5c","resources":{"hostingSite":"admin-dashboard-8da5c"},"state":"ACTIVE","etag":"1_70a4ea8f-1a74-4ab6-984f-4e2f7d720bc2"}
[info] 
[info] i  Didn't detect a .git folder. Assuming E:\Intern_clone\dashboard is the project root. 
[info] i  Authorizing with GitHub to upload your service account to a GitHub repository's secrets store. 
[info] 
[info] Visit this URL on this device to log in:
[info] https://github.com/login/oauth/authorize?client_id=89cf50f02ac6aaed3484&state=667763863&redirect_uri=http%3A%2F%2Flocalhost%3A9005&scope=read%3Auser%20repo%20public_repo
[info] 
[info] Waiting for authentication...
[debug] [2023-12-03T14:53:51.564Z] >>> [apiv2][query] POST https://github.com/login/oauth/access_token [none]
[debug] [2023-12-03T14:53:51.564Z] >>> [apiv2][body] POST https://github.com/login/oauth/access_token [stream]
[debug] [2023-12-03T14:53:52.054Z] <<< [apiv2][status] POST https://github.com/login/oauth/access_token 200
[debug] [2023-12-03T14:53:52.054Z] <<< [apiv2][body] POST https://github.com/login/oauth/access_token {"access_token":"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","token_type":"bearer","scope":"read:user,repo"}
[debug] [2023-12-03T14:53:52.069Z] >>> [apiv2][query] GET https://api.github.com/user [none]
[debug] [2023-12-03T14:53:52.452Z] <<< [apiv2][status] GET https://api.github.com/user 200
[debug] [2023-12-03T14:53:52.452Z] <<< [apiv2][body] GET https://api.github.com/user {"login":"Atharva-kelkar05","id":97673859,"node_id":"U_kgDOBdJigw","avatar_url":"https://avatars.githubusercontent.com/u/97673859?v=4","gravatar_id":"","url":"https://api.github.com/users/Atharva-kelkar05","html_url":"https://github.com/Atharva-kelkar05","followers_url":"https://api.github.com/users/Atharva-kelkar05/followers","following_url":"https://api.github.com/users/Atharva-kelkar05/following{/other_user}","gists_url":"https://api.github.com/users/Atharva-kelkar05/gists{/gist_id}","starred_url":"https://api.github.com/users/Atharva-kelkar05/starred{/owner}{/repo}","subscriptions_url":"https://api.github.com/users/Atharva-kelkar05/subscriptions","organizations_url":"https://api.github.com/users/Atharva-kelkar05/orgs","repos_url":"https://api.github.com/users/Atharva-kelkar05/repos","events_url":"https://api.github.com/users/Atharva-kelkar05/events{/privacy}","received_events_url":"https://api.github.com/users/Atharva-kelkar05/received_events","type":"User","site_admin":false,"name":"Atharva Kelkar","company":"Vellore Institute Of Technology, Bhopal","blog":"","location":null,"email":null,"hireable":true,"bio":"Making things incredible.","twitter_username":null,"public_repos":6,"public_gists":0,"followers":8,"following":10,"created_at":"2022-01-13T11:51:20Z","updated_at":"2023-12-03T14:53:44Z","private_gists":0,"total_private_repos":1,"owned_private_repos":1,"disk_usage":328,"collaborators":0,"two_factor_authentication":true,"plan":{"name":"pro","space":976562499,"collaborators":0,"private_repos":9999}}
[info] 
[info] +  Success! Logged into GitHub as Atharva-kelkar05 
[info] 
[debug] [2023-12-03T14:54:27.460Z] >>> [apiv2][query] GET https://api.github.com/repos//actions/secrets/public-key type=owner
[debug] [2023-12-03T14:54:27.802Z] <<< [apiv2][status] GET https://api.github.com/repos//actions/secrets/public-key 404
[debug] [2023-12-03T14:54:27.802Z] <<< [apiv2][body] GET https://api.github.com/repos//actions/secrets/public-key {"message":"Not Found","documentation_url":"https://docs.github.com/rest"}
[info] 
[info] 
[error] !  The provided authorization cannot be used with this repository. If this repository is in an organization, did you remember to grant access? 
[info] 
[info] i  Action required: Visit this URL to ensure access has been granted to the appropriate organization(s) for the Firebase CLI GitHub OAuth App: 
[info] https://github.com/settings/connections/applications/89cf50f02ac6aaed3484
[info] 
